Analysis & Synthesis report for experiment3
Tue Oct 15 20:28:51 2013
Quartus II 32-bit Version 12.0 Build 263 08/02/2012 Service Pack 2 SJ Full Version


---------------------
; Table of Contents ;
---------------------
  1. Legal Notice
  2. Analysis & Synthesis Summary
  3. Analysis & Synthesis Settings
  4. Parallel Compilation
  5. Analysis & Synthesis Source Files Read
  6. Analysis & Synthesis Resource Usage Summary
  7. Analysis & Synthesis Resource Utilization by Entity
  8. Analysis & Synthesis IP Cores Summary
  9. State Machine - |experiment3|TX_state
 10. State Machine - |experiment3|RX_state
 11. State Machine - |experiment3|UART_Transmit_Controller:UART_TX|TXC_state
 12. State Machine - |experiment3|UART_Receive_Controller:UART_RX|RXC_state
 13. Registers Removed During Synthesis
 14. Removed Registers Triggering Further Register Optimizations
 15. General Register Statistics
 16. Inverted Register Statistics
 17. Multiplexer Restructuring Statistics (Restructuring Performed)
 18. Source assignments for dual_port_RAM:dual_port_RAM_inst|altsyncram:altsyncram_component|altsyncram_1t62:auto_generated
 19. Parameter Settings for User Entity Instance: UART_clock:UART_clock_inst|altpll:altpll_component
 20. Parameter Settings for User Entity Instance: dual_port_RAM:dual_port_RAM_inst|altsyncram:altsyncram_component
 21. altpll Parameter Settings by Entity Instance
 22. altsyncram Parameter Settings by Entity Instance
 23. Port Connectivity Checks: "convert_hex_to_seven_segment:unit2"
 24. Port Connectivity Checks: "convert_hex_to_seven_segment:unit5"
 25. Port Connectivity Checks: "dual_port_RAM:dual_port_RAM_inst"
 26. Elapsed Time Per Partition
 27. Analysis & Synthesis Messages



----------------
; Legal Notice ;
----------------
Copyright (C) 1991-2012 Altera Corporation
Your use of Altera Corporation's design tools, logic functions 
and other software and tools, and its AMPP partner logic 
functions, and any output files from any of the foregoing 
(including device programming or simulation files), and any 
associated documentation or information are expressly subject 
to the terms and conditions of the Altera Program License 
Subscription Agreement, Altera MegaCore Function License 
Agreement, or other applicable license agreement, including, 
without limitation, that your use is for the sole purpose of 
programming logic devices manufactured by Altera and sold by 
Altera or its authorized distributors.  Please refer to the 
applicable agreement for further details.



+-------------------------------------------------------------------------------------+
; Analysis & Synthesis Summary                                                        ;
+------------------------------------+------------------------------------------------+
; Analysis & Synthesis Status        ; Successful - Tue Oct 15 20:28:51 2013          ;
; Quartus II 32-bit Version          ; 12.0 Build 263 08/02/2012 SP 2 SJ Full Version ;
; Revision Name                      ; experiment3                                    ;
; Top-level Entity Name              ; experiment3                                    ;
; Family                             ; Cyclone II                                     ;
; Total logic elements               ; 143                                            ;
;     Total combinational functions  ; 139                                            ;
;     Dedicated logic registers      ; 68                                             ;
; Total registers                    ; 68                                             ;
; Total pins                         ; 92                                             ;
; Total virtual pins                 ; 0                                              ;
; Total memory bits                  ; 0                                              ;
; Embedded Multiplier 9-bit elements ; 0                                              ;
; Total PLLs                         ; 1                                              ;
+------------------------------------+------------------------------------------------+


+----------------------------------------------------------------------------------------------------------------------+
; Analysis & Synthesis Settings                                                                                        ;
+----------------------------------------------------------------------------+--------------------+--------------------+
; Option                                                                     ; Setting            ; Default Value      ;
+----------------------------------------------------------------------------+--------------------+--------------------+
; Device                                                                     ; EP2C35F672C6       ;                    ;
; Top-level entity name                                                      ; experiment3        ; experiment3        ;
; Family name                                                                ; Cyclone II         ; Cyclone IV GX      ;
; Verilog Show LMF Mapping Messages                                          ; Off                ;                    ;
; Verilog Version                                                            ; SystemVerilog_2005 ; Verilog_2001       ;
; State Machine Processing                                                   ; User-Encoded       ; Auto               ;
; Use smart compilation                                                      ; Off                ; Off                ;
; Enable parallel Assembler and TimeQuest Timing Analyzer during compilation ; On                 ; On                 ;
; Enable compact report table                                                ; Off                ; Off                ;
; Restructure Multiplexers                                                   ; Auto               ; Auto               ;
; Create Debugging Nodes for IP Cores                                        ; Off                ; Off                ;
; Preserve fewer node names                                                  ; On                 ; On                 ;
; Disable OpenCore Plus hardware evaluation                                  ; Off                ; Off                ;
; VHDL Version                                                               ; VHDL_1993          ; VHDL_1993          ;
; Safe State Machine                                                         ; Off                ; Off                ;
; Extract Verilog State Machines                                             ; On                 ; On                 ;
; Extract VHDL State Machines                                                ; On                 ; On                 ;
; Ignore Verilog initial constructs                                          ; Off                ; Off                ;
; Iteration limit for constant Verilog loops                                 ; 5000               ; 5000               ;
; Iteration limit for non-constant Verilog loops                             ; 250                ; 250                ;
; Add Pass-Through Logic to Inferred RAMs                                    ; On                 ; On                 ;
; Infer RAMs from Raw Logic                                                  ; On                 ; On                 ;
; Parallel Synthesis                                                         ; Off                ; Off                ;
; DSP Block Balancing                                                        ; Auto               ; Auto               ;
; NOT Gate Push-Back                                                         ; On                 ; On                 ;
; Power-Up Don't Care                                                        ; On                 ; On                 ;
; Remove Redundant Logic Cells                                               ; Off                ; Off                ;
; Remove Duplicate Registers                                                 ; On                 ; On                 ;
; Ignore CARRY Buffers                                                       ; Off                ; Off                ;
; Ignore CASCADE Buffers                                                     ; Off                ; Off                ;
; Ignore GLOBAL Buffers                                                      ; Off                ; Off                ;
; Ignore ROW GLOBAL Buffers                                                  ; Off                ; Off                ;
; Ignore LCELL Buffers                                                       ; Off                ; Off                ;
; Ignore SOFT Buffers                                                        ; On                 ; On                 ;
; Limit AHDL Integers to 32 Bits                                             ; Off                ; Off                ;
; Optimization Technique                                                     ; Balanced           ; Balanced           ;
; Carry Chain Length                                                         ; 70                 ; 70                 ;
; Auto Carry Chains                                                          ; On                 ; On                 ;
; Auto Open-Drain Pins                                                       ; On                 ; On                 ;
; Perform WYSIWYG Primitive Resynthesis                                      ; Off                ; Off                ;
; Auto ROM Replacement                                                       ; On                 ; On                 ;
; Auto RAM Replacement                                                       ; On                 ; On                 ;
; Auto Shift Register Replacement                                            ; Auto               ; Auto               ;
; Allow Shift Register Merging across Hierarchies                            ; Auto               ; Auto               ;
; Auto Clock Enable Replacement                                              ; On                 ; On                 ;
; Strict RAM Replacement                                                     ; Off                ; Off                ;
; Allow Synchronous Control Signals                                          ; On                 ; On                 ;
; Force Use of Synchronous Clear Signals                                     ; Off                ; Off                ;
; Auto RAM to Logic Cell Conversion                                          ; Off                ; Off                ;
; Auto Resource Sharing                                                      ; Off                ; Off                ;
; Allow Any RAM Size For Recognition                                         ; Off                ; Off                ;
; Allow Any ROM Size For Recognition                                         ; Off                ; Off                ;
; Allow Any Shift Register Size For Recognition                              ; Off                ; Off                ;
; Use LogicLock Constraints during Resource Balancing                        ; On                 ; On                 ;
; Ignore translate_off and synthesis_off directives                          ; Off                ; Off                ;
; Timing-Driven Synthesis                                                    ; Off                ; Off                ;
; Report Parameter Settings                                                  ; On                 ; On                 ;
; Report Source Assignments                                                  ; On                 ; On                 ;
; Report Connectivity Checks                                                 ; On                 ; On                 ;
; Ignore Maximum Fan-Out Assignments                                         ; Off                ; Off                ;
; Synchronization Register Chain Length                                      ; 2                  ; 2                  ;
; PowerPlay Power Optimization                                               ; Normal compilation ; Normal compilation ;
; HDL message level                                                          ; Level2             ; Level2             ;
; Suppress Register Optimization Related Messages                            ; Off                ; Off                ;
; Number of Removed Registers Reported in Synthesis Report                   ; 5000               ; 5000               ;
; Number of Swept Nodes Reported in Synthesis Report                         ; 5000               ; 5000               ;
; Number of Inverted Registers Reported in Synthesis Report                  ; 100                ; 100                ;
; Clock MUX Protection                                                       ; On                 ; On                 ;
; Auto Gated Clock Conversion                                                ; Off                ; Off                ;
; Block Design Naming                                                        ; Auto               ; Auto               ;
; SDC constraint protection                                                  ; Off                ; Off                ;
; Synthesis Effort                                                           ; Auto               ; Auto               ;
; Shift Register Replacement - Allow Asynchronous Clear Signal               ; On                 ; On                 ;
; Analysis & Synthesis Message Level                                         ; Medium             ; Medium             ;
; Disable Register Merging Across Hierarchies                                ; Auto               ; Auto               ;
; Resource Aware Inference For Block RAM                                     ; On                 ; On                 ;
; Synthesis Seed                                                             ; 1                  ; 1                  ;
+----------------------------------------------------------------------------+--------------------+--------------------+


+------------------------------------------+
; Parallel Compilation                     ;
+----------------------------+-------------+
; Processors                 ; Number      ;
+----------------------------+-------------+
; Number detected on machine ; 4           ;
; Maximum allowed            ; 4           ;
;                            ;             ;
; Average used               ; 1.00        ;
; Maximum used               ; 1           ;
;                            ;             ;
; Usage by Processor         ; % Time Used ;
;     1 processor            ; 100.0%      ;
;     2-4 processors         ;   0.0%      ;
+----------------------------+-------------+


+--------------------------------------------------------------------------------------------------------------------------------------------------------------------------------+
; Analysis & Synthesis Source Files Read                                                                                                                                         ;
+----------------------------------+-----------------+------------------------------+----------------------------------------------------------------------------------+---------+
; File Name with User-Entered Path ; Used in Netlist ; File Type                    ; File Name with Absolute Path                                                     ; Library ;
+----------------------------------+-----------------+------------------------------+----------------------------------------------------------------------------------+---------+
; convert_hex_to_seven_segment.v   ; yes             ; User Verilog HDL File        ; /home/ECE/rodrigvj/Lab 5/Lab 5 Actual/experiment3/convert_hex_to_seven_segment.v ;         ;
; experiment3.v                    ; yes             ; User Verilog HDL File        ; /home/ECE/rodrigvj/Lab 5/Lab 5 Actual/experiment3/experiment3.v                  ;         ;
; dual_port_RAM.v                  ; yes             ; User Wizard-Generated File   ; /home/ECE/rodrigvj/Lab 5/Lab 5 Actual/experiment3/dual_port_RAM.v                ;         ;
; UART_Receive_Controller.v        ; yes             ; User Verilog HDL File        ; /home/ECE/rodrigvj/Lab 5/Lab 5 Actual/experiment3/UART_Receive_Controller.v      ;         ;
; UART_Transmit_Controller.v       ; yes             ; User Verilog HDL File        ; /home/ECE/rodrigvj/Lab 5/Lab 5 Actual/experiment3/UART_Transmit_Controller.v     ;         ;
; UART_clock.v                     ; yes             ; User Wizard-Generated File   ; /home/ECE/rodrigvj/Lab 5/Lab 5 Actual/experiment3/UART_clock.v                   ;         ;
; define_state.h                   ; yes             ; User Unspecified File        ; /home/ECE/rodrigvj/Lab 5/Lab 5 Actual/experiment3/define_state.h                 ;         ;
; altpll.tdf                       ; yes             ; Megafunction                 ; /tools/altera/12.0/quartus/libraries/megafunctions/altpll.tdf                    ;         ;
; aglobal120.inc                   ; yes             ; Megafunction                 ; /tools/altera/12.0/quartus/libraries/megafunctions/aglobal120.inc                ;         ;
; stratix_pll.inc                  ; yes             ; Megafunction                 ; /tools/altera/12.0/quartus/libraries/megafunctions/stratix_pll.inc               ;         ;
; stratixii_pll.inc                ; yes             ; Megafunction                 ; /tools/altera/12.0/quartus/libraries/megafunctions/stratixii_pll.inc             ;         ;
; cycloneii_pll.inc                ; yes             ; Megafunction                 ; /tools/altera/12.0/quartus/libraries/megafunctions/cycloneii_pll.inc             ;         ;
; altsyncram.tdf                   ; yes             ; Megafunction                 ; /tools/altera/12.0/quartus/libraries/megafunctions/altsyncram.tdf                ;         ;
; stratix_ram_block.inc            ; yes             ; Megafunction                 ; /tools/altera/12.0/quartus/libraries/megafunctions/stratix_ram_block.inc         ;         ;
; lpm_mux.inc                      ; yes             ; Megafunction                 ; /tools/altera/12.0/quartus/libraries/megafunctions/lpm_mux.inc                   ;         ;
; lpm_decode.inc                   ; yes             ; Megafunction                 ; /tools/altera/12.0/quartus/libraries/megafunctions/lpm_decode.inc                ;         ;
; a_rdenreg.inc                    ; yes             ; Megafunction                 ; /tools/altera/12.0/quartus/libraries/megafunctions/a_rdenreg.inc                 ;         ;
; altrom.inc                       ; yes             ; Megafunction                 ; /tools/altera/12.0/quartus/libraries/megafunctions/altrom.inc                    ;         ;
; altram.inc                       ; yes             ; Megafunction                 ; /tools/altera/12.0/quartus/libraries/megafunctions/altram.inc                    ;         ;
; altdpram.inc                     ; yes             ; Megafunction                 ; /tools/altera/12.0/quartus/libraries/megafunctions/altdpram.inc                  ;         ;
; db/altsyncram_1t62.tdf           ; yes             ; Auto-Generated Megafunction  ; /home/ECE/rodrigvj/Lab 5/Lab 5 Actual/experiment3/db/altsyncram_1t62.tdf         ;         ;
+----------------------------------+-----------------+------------------------------+----------------------------------------------------------------------------------+---------+


+------------------------------------------------------------+
; Analysis & Synthesis Resource Usage Summary                ;
+---------------------------------------------+--------------+
; Resource                                    ; Usage        ;
+---------------------------------------------+--------------+
; Estimated Total logic elements              ; 143          ;
;                                             ;              ;
; Total combinational functions               ; 139          ;
; Logic element usage by number of LUT inputs ;              ;
;     -- 4 input functions                    ; 80           ;
;     -- 3 input functions                    ; 13           ;
;     -- <=2 input functions                  ; 46           ;
;                                             ;              ;
; Logic elements by mode                      ;              ;
;     -- normal mode                          ; 107          ;
;     -- arithmetic mode                      ; 32           ;
;                                             ;              ;
; Total registers                             ; 68           ;
;     -- Dedicated logic registers            ; 68           ;
;     -- I/O registers                        ; 0            ;
;                                             ;              ;
; I/O pins                                    ; 92           ;
; Total PLLs                                  ; 1            ;
;     -- PLLs                                 ; 1            ;
;                                             ;              ;
; Maximum fan-out node                        ; SWITCH_I[17] ;
; Maximum fan-out                             ; 69           ;
; Total fan-out                               ; 765          ;
; Average fan-out                             ; 2.55         ;
+---------------------------------------------+--------------+


+--------------------------------------------------------------------------------------------------------------------------------------------------------------------------------------------------------------------------------------+
; Analysis & Synthesis Resource Utilization by Entity                                                                                                                                                                                  ;
+-----------------------------------------+-------------------+--------------+-------------+--------------+---------+-----------+------+--------------+-----------------------------------------------------------------+--------------+
; Compilation Hierarchy Node              ; LC Combinationals ; LC Registers ; Memory Bits ; DSP Elements ; DSP 9x9 ; DSP 18x18 ; Pins ; Virtual Pins ; Full Hierarchy Name                                             ; Library Name ;
+-----------------------------------------+-------------------+--------------+-------------+--------------+---------+-----------+------+--------------+-----------------------------------------------------------------+--------------+
; |experiment3                            ; 139 (65)          ; 68 (45)      ; 0           ; 0            ; 0       ; 0         ; 92   ; 0            ; |experiment3                                                    ;              ;
;    |UART_Receive_Controller:UART_RX|    ; 41 (41)           ; 19 (19)      ; 0           ; 0            ; 0       ; 0         ; 0    ; 0            ; |experiment3|UART_Receive_Controller:UART_RX                    ;              ;
;    |UART_Transmit_Controller:UART_TX|   ; 5 (5)             ; 4 (4)        ; 0           ; 0            ; 0       ; 0         ; 0    ; 0            ; |experiment3|UART_Transmit_Controller:UART_TX                   ;              ;
;    |UART_clock:UART_clock_inst|         ; 0 (0)             ; 0 (0)        ; 0           ; 0            ; 0       ; 0         ; 0    ; 0            ; |experiment3|UART_clock:UART_clock_inst                         ;              ;
;       |altpll:altpll_component|         ; 0 (0)             ; 0 (0)        ; 0           ; 0            ; 0       ; 0         ; 0    ; 0            ; |experiment3|UART_clock:UART_clock_inst|altpll:altpll_component ;              ;
;    |convert_hex_to_seven_segment:unit0| ; 7 (7)             ; 0 (0)        ; 0           ; 0            ; 0       ; 0         ; 0    ; 0            ; |experiment3|convert_hex_to_seven_segment:unit0                 ;              ;
;    |convert_hex_to_seven_segment:unit1| ; 7 (7)             ; 0 (0)        ; 0           ; 0            ; 0       ; 0         ; 0    ; 0            ; |experiment3|convert_hex_to_seven_segment:unit1                 ;              ;
;    |convert_hex_to_seven_segment:unit3| ; 7 (7)             ; 0 (0)        ; 0           ; 0            ; 0       ; 0         ; 0    ; 0            ; |experiment3|convert_hex_to_seven_segment:unit3                 ;              ;
;    |convert_hex_to_seven_segment:unit4| ; 7 (7)             ; 0 (0)        ; 0           ; 0            ; 0       ; 0         ; 0    ; 0            ; |experiment3|convert_hex_to_seven_segment:unit4                 ;              ;
+-----------------------------------------+-------------------+--------------+-------------+--------------+---------+-----------+------+--------------+-----------------------------------------------------------------+--------------+
Note: For table entries with two numbers listed, the numbers in parentheses indicate the number of resources of the given type used by the specific entity alone. The numbers listed outside of parentheses indicate the total resources of the given type used by the specific entity and all of its sub-entities in the hierarchy.


+-----------------------------------------------------------------------------------------------------------------------------------------------------------------------------------+
; Analysis & Synthesis IP Cores Summary                                                                                                                                             ;
+--------+--------------+---------+--------------+--------------+-----------------------------------------------+-------------------------------------------------------------------+
; Vendor ; IP Core Name ; Version ; Release Date ; License Type ; Entity Instance                               ; IP Include File                                                   ;
+--------+--------------+---------+--------------+--------------+-----------------------------------------------+-------------------------------------------------------------------+
; Altera ; ALTPLL       ; N/A     ; N/A          ; N/A          ; |experiment3|UART_clock:UART_clock_inst       ; /home/ECE/rodrigvj/Lab 5/Lab 5 Actual/experiment3/UART_clock.v    ;
; Altera ; ALTSYNCRAM   ; N/A     ; N/A          ; N/A          ; |experiment3|dual_port_RAM:dual_port_RAM_inst ; /home/ECE/rodrigvj/Lab 5/Lab 5 Actual/experiment3/dual_port_RAM.v ;
+--------+--------------+---------+--------------+--------------+-----------------------------------------------+-------------------------------------------------------------------+


Encoding Type:  User-Encoded
+--------------------------------------------------------+
; State Machine - |experiment3|TX_state                  ;
+------------------------------+------------+------------+
; Name                         ; TX_state~9 ; TX_state~8 ;
+------------------------------+------------+------------+
; TX_state.S_TX_IDLE           ; 0          ; 0          ;
; TX_state.S_TX_START_TRANSMIT ; 0          ; 1          ;
; TX_state.S_TX_TRANSMIT_DATA  ; 1          ; 0          ;
; TX_state.S_TX_WAIT_TRANSMIT  ; 1          ; 1          ;
+------------------------------+------------+------------+


Encoding Type:  User-Encoded
+-------------------------------------------------------------+
; State Machine - |experiment3|RX_state                       ;
+-----------------------------------+------------+------------+
; Name                              ; RX_state~8 ; RX_state~7 ;
+-----------------------------------+------------+------------+
; RX_state.S_RX_IDLE                ; 0          ; 0          ;
; RX_state.S_RX_START_RECEIVE       ; 0          ; 1          ;
; RX_state.S_RX_WRITE_RECEIVED_DATA ; 1          ; 0          ;
+-----------------------------------+------------+------------+


Encoding Type:  User-Encoded
+-------------------------------------------------------------------------+
; State Machine - |experiment3|UART_Transmit_Controller:UART_TX|TXC_state ;
+---------------------------+-------------+-------------------------------+
; Name                      ; TXC_state~9 ; TXC_state~8                   ;
+---------------------------+-------------+-------------------------------+
; TXC_state.S_TXC_IDLE      ; 0           ; 0                             ;
; TXC_state.S_TXC_START_BIT ; 0           ; 1                             ;
; TXC_state.S_TXC_DATA      ; 1           ; 0                             ;
; TXC_state.S_TXC_STOP_BIT  ; 1           ; 1                             ;
+---------------------------+-------------+-------------------------------+


Encoding Type:  User-Encoded
+------------------------------------------------------------------------+
; State Machine - |experiment3|UART_Receive_Controller:UART_RX|RXC_state ;
+-------------------------------+-------------+--------------------------+
; Name                          ; RXC_state~9 ; RXC_state~8              ;
+-------------------------------+-------------+--------------------------+
; RXC_state.S_RXC_IDLE          ; 0           ; 0                        ;
; RXC_state.S_RXC_SYNC          ; 0           ; 1                        ;
; RXC_state.S_RXC_ASSEMBLE_DATA ; 1           ; 0                        ;
; RXC_state.S_RXC_STOP_BIT      ; 1           ; 1                        ;
+-------------------------------+-------------+--------------------------+


+--------------------------------------------------------------------------------------------+
; Registers Removed During Synthesis                                                         ;
+---------------------------------------------------+----------------------------------------+
; Register name                                     ; Reason for Removal                     ;
+---------------------------------------------------+----------------------------------------+
; UART_Transmit_Controller:UART_TX|data_count[0..2] ; Stuck at GND due to stuck port data_in ;
; UART_Transmit_Controller:UART_TX|data_buffer[0]   ; Lost fanout                            ;
; UART_write_data[0]                                ; Lost fanout                            ;
; UART_Receive_Controller:UART_RX|RX_data[0]        ; Lost fanout                            ;
; UART_we                                           ; Lost fanout                            ;
; UART_Receive_Controller:UART_RX|data_buffer[0..7] ; Lost fanout                            ;
; Total Number of Removed Registers = 15            ;                                        ;
+---------------------------------------------------+----------------------------------------+


+-------------------------------------------------------------------------------------------------------------------------------------------------+
; Removed Registers Triggering Further Register Optimizations                                                                                     ;
+-------------------------------------------------+--------------------+--------------------------------------------------------------------------+
; Register name                                   ; Reason for Removal ; Registers Removed due to This Register                                   ;
+-------------------------------------------------+--------------------+--------------------------------------------------------------------------+
; UART_Transmit_Controller:UART_TX|data_buffer[0] ; Lost Fanouts       ; UART_write_data[0], UART_Receive_Controller:UART_RX|RX_data[0], UART_we, ;
;                                                 ;                    ; UART_Receive_Controller:UART_RX|data_buffer[0]                           ;
+-------------------------------------------------+--------------------+--------------------------------------------------------------------------+


+------------------------------------------------------+
; General Register Statistics                          ;
+----------------------------------------------+-------+
; Statistic                                    ; Value ;
+----------------------------------------------+-------+
; Total registers                              ; 68    ;
; Number of registers using Synchronous Clear  ; 36    ;
; Number of registers using Synchronous Load   ; 0     ;
; Number of registers using Asynchronous Clear ; 68    ;
; Number of registers using Asynchronous Load  ; 0     ;
; Number of registers using Clock Enable       ; 33    ;
; Number of registers using Preset             ; 0     ;
+----------------------------------------------+-------+


+------------------------------------------------------+
; Inverted Register Statistics                         ;
+--------------------------------------------+---------+
; Inverted Register                          ; Fan out ;
+--------------------------------------------+---------+
; UART_rx_done                               ; 1       ;
; UART_tx_done                               ; 2       ;
; UART_Transmit_Controller:UART_TX|UART_TX_O ; 2       ;
; UART_Receive_Controller:UART_RX|Empty      ; 8       ;
; UART_Transmit_Controller:UART_TX|Empty     ; 7       ;
; Total number of inverted registers = 5     ;         ;
+--------------------------------------------+---------+


+-------------------------------------------------------------------------------------------------------------------------------------------------------------------------------------------+
; Multiplexer Restructuring Statistics (Restructuring Performed)                                                                                                                            ;
+--------------------+-----------+---------------+----------------------+------------------------+-------------------------------------------------------------+----------------------------+
; Multiplexer Inputs ; Bus Width ; Baseline Area ; Area if Restructured ; Saving if Restructured ; Registered                                                  ; Example Multiplexer Output ;
+--------------------+-----------+---------------+----------------------+------------------------+-------------------------------------------------------------+----------------------------+
; 4:1                ; 9 bits    ; 18 LEs        ; 9 LEs                ; 9 LEs                  ; |experiment3|UART_tx_address[8]                             ;                            ;
; 6:1                ; 9 bits    ; 36 LEs        ; 9 LEs                ; 27 LEs                 ; |experiment3|UART_rx_address[8]                             ;                            ;
; 9:1                ; 3 bits    ; 18 LEs        ; 3 LEs                ; 15 LEs                 ; |experiment3|UART_Receive_Controller:UART_RX|data_count[2]  ;                            ;
; 10:1               ; 10 bits   ; 60 LEs        ; 10 LEs               ; 50 LEs                 ; |experiment3|UART_Receive_Controller:UART_RX|clock_count[7] ;                            ;
; 6:1                ; 2 bits    ; 8 LEs         ; 4 LEs                ; 4 LEs                  ; |experiment3|Selector9                                      ;                            ;
; 7:1                ; 2 bits    ; 8 LEs         ; 4 LEs                ; 4 LEs                  ; |experiment3|TX_state                                       ;                            ;
; 9:1                ; 2 bits    ; 12 LEs        ; 4 LEs                ; 8 LEs                  ; |experiment3|TX_state                                       ;                            ;
; 11:1               ; 4 bits    ; 28 LEs        ; 16 LEs               ; 12 LEs                 ; |experiment3|UART_Receive_Controller:UART_RX|Selector3      ;                            ;
+--------------------+-----------+---------------+----------------------+------------------------+-------------------------------------------------------------+----------------------------+


+------------------------------------------------------------------------------------------------------------------------+
; Source assignments for dual_port_RAM:dual_port_RAM_inst|altsyncram:altsyncram_component|altsyncram_1t62:auto_generated ;
+---------------------------------+--------------------+------+----------------------------------------------------------+
; Assignment                      ; Value              ; From ; To                                                       ;
+---------------------------------+--------------------+------+----------------------------------------------------------+
; OPTIMIZE_POWER_DURING_SYNTHESIS ; NORMAL_COMPILATION ; -    ; -                                                        ;
+---------------------------------+--------------------+------+----------------------------------------------------------+


+-------------------------------------------------------------------------------------------------+
; Parameter Settings for User Entity Instance: UART_clock:UART_clock_inst|altpll:altpll_component ;
+-------------------------------+-------------------+---------------------------------------------+
; Parameter Name                ; Value             ; Type                                        ;
+-------------------------------+-------------------+---------------------------------------------+
; OPERATION_MODE                ; NORMAL            ; Untyped                                     ;
; PLL_TYPE                      ; AUTO              ; Untyped                                     ;
; LPM_HINT                      ; UNUSED            ; Untyped                                     ;
; QUALIFY_CONF_DONE             ; OFF               ; Untyped                                     ;
; COMPENSATE_CLOCK              ; CLK0              ; Untyped                                     ;
; SCAN_CHAIN                    ; LONG              ; Untyped                                     ;
; PRIMARY_CLOCK                 ; INCLK0            ; Untyped                                     ;
; INCLK0_INPUT_FREQUENCY        ; 37037             ; Signed Integer                              ;
; INCLK1_INPUT_FREQUENCY        ; 0                 ; Untyped                                     ;
; GATE_LOCK_SIGNAL              ; NO                ; Untyped                                     ;
; GATE_LOCK_COUNTER             ; 0                 ; Untyped                                     ;
; LOCK_HIGH                     ; 1                 ; Untyped                                     ;
; LOCK_LOW                      ; 1                 ; Untyped                                     ;
; VALID_LOCK_MULTIPLIER         ; 1                 ; Untyped                                     ;
; INVALID_LOCK_MULTIPLIER       ; 5                 ; Untyped                                     ;
; SWITCH_OVER_ON_LOSSCLK        ; OFF               ; Untyped                                     ;
; SWITCH_OVER_ON_GATED_LOCK     ; OFF               ; Untyped                                     ;
; ENABLE_SWITCH_OVER_COUNTER    ; OFF               ; Untyped                                     ;
; SKIP_VCO                      ; OFF               ; Untyped                                     ;
; SWITCH_OVER_COUNTER           ; 0                 ; Untyped                                     ;
; SWITCH_OVER_TYPE              ; AUTO              ; Untyped                                     ;
; FEEDBACK_SOURCE               ; EXTCLK0           ; Untyped                                     ;
; BANDWIDTH                     ; 0                 ; Untyped                                     ;
; BANDWIDTH_TYPE                ; AUTO              ; Untyped                                     ;
; SPREAD_FREQUENCY              ; 0                 ; Untyped                                     ;
; DOWN_SPREAD                   ; 0                 ; Untyped                                     ;
; SELF_RESET_ON_GATED_LOSS_LOCK ; OFF               ; Untyped                                     ;
; SELF_RESET_ON_LOSS_LOCK       ; OFF               ; Untyped                                     ;
; CLK9_MULTIPLY_BY              ; 0                 ; Untyped                                     ;
; CLK8_MULTIPLY_BY              ; 0                 ; Untyped                                     ;
; CLK7_MULTIPLY_BY              ; 0                 ; Untyped                                     ;
; CLK6_MULTIPLY_BY              ; 0                 ; Untyped                                     ;
; CLK5_MULTIPLY_BY              ; 1                 ; Untyped                                     ;
; CLK4_MULTIPLY_BY              ; 1                 ; Untyped                                     ;
; CLK3_MULTIPLY_BY              ; 1                 ; Untyped                                     ;
; CLK2_MULTIPLY_BY              ; 1                 ; Untyped                                     ;
; CLK1_MULTIPLY_BY              ; 1                 ; Untyped                                     ;
; CLK0_MULTIPLY_BY              ; 32                ; Signed Integer                              ;
; CLK9_DIVIDE_BY                ; 0                 ; Untyped                                     ;
; CLK8_DIVIDE_BY                ; 0                 ; Untyped                                     ;
; CLK7_DIVIDE_BY                ; 0                 ; Untyped                                     ;
; CLK6_DIVIDE_BY                ; 0                 ; Untyped                                     ;
; CLK5_DIVIDE_BY                ; 1                 ; Untyped                                     ;
; CLK4_DIVIDE_BY                ; 1                 ; Untyped                                     ;
; CLK3_DIVIDE_BY                ; 1                 ; Untyped                                     ;
; CLK2_DIVIDE_BY                ; 1                 ; Untyped                                     ;
; CLK1_DIVIDE_BY                ; 1                 ; Untyped                                     ;
; CLK0_DIVIDE_BY                ; 15                ; Signed Integer                              ;
; CLK9_PHASE_SHIFT              ; 0                 ; Untyped                                     ;
; CLK8_PHASE_SHIFT              ; 0                 ; Untyped                                     ;
; CLK7_PHASE_SHIFT              ; 0                 ; Untyped                                     ;
; CLK6_PHASE_SHIFT              ; 0                 ; Untyped                                     ;
; CLK5_PHASE_SHIFT              ; 0                 ; Untyped                                     ;
; CLK4_PHASE_SHIFT              ; 0                 ; Untyped                                     ;
; CLK3_PHASE_SHIFT              ; 0                 ; Untyped                                     ;
; CLK2_PHASE_SHIFT              ; 0                 ; Untyped                                     ;
; CLK1_PHASE_SHIFT              ; 0                 ; Untyped                                     ;
; CLK0_PHASE_SHIFT              ; 0                 ; Untyped                                     ;
; CLK5_TIME_DELAY               ; 0                 ; Untyped                                     ;
; CLK4_TIME_DELAY               ; 0                 ; Untyped                                     ;
; CLK3_TIME_DELAY               ; 0                 ; Untyped                                     ;
; CLK2_TIME_DELAY               ; 0                 ; Untyped                                     ;
; CLK1_TIME_DELAY               ; 0                 ; Untyped                                     ;
; CLK0_TIME_DELAY               ; 0                 ; Untyped                                     ;
; CLK9_DUTY_CYCLE               ; 50                ; Untyped                                     ;
; CLK8_DUTY_CYCLE               ; 50                ; Untyped                                     ;
; CLK7_DUTY_CYCLE               ; 50                ; Untyped                                     ;
; CLK6_DUTY_CYCLE               ; 50                ; Untyped                                     ;
; CLK5_DUTY_CYCLE               ; 50                ; Untyped                                     ;
; CLK4_DUTY_CYCLE               ; 50                ; Untyped                                     ;
; CLK3_DUTY_CYCLE               ; 50                ; Untyped                                     ;
; CLK2_DUTY_CYCLE               ; 50                ; Untyped                                     ;
; CLK1_DUTY_CYCLE               ; 50                ; Untyped                                     ;
; CLK0_DUTY_CYCLE               ; 50                ; Signed Integer                              ;
; CLK9_USE_EVEN_COUNTER_MODE    ; OFF               ; Untyped                                     ;
; CLK8_USE_EVEN_COUNTER_MODE    ; OFF               ; Untyped                                     ;
; CLK7_USE_EVEN_COUNTER_MODE    ; OFF               ; Untyped                                     ;
; CLK6_USE_EVEN_COUNTER_MODE    ; OFF               ; Untyped                                     ;
; CLK5_USE_EVEN_COUNTER_MODE    ; OFF               ; Untyped                                     ;
; CLK4_USE_EVEN_COUNTER_MODE    ; OFF               ; Untyped                                     ;
; CLK3_USE_EVEN_COUNTER_MODE    ; OFF               ; Untyped                                     ;
; CLK2_USE_EVEN_COUNTER_MODE    ; OFF               ; Untyped                                     ;
; CLK1_USE_EVEN_COUNTER_MODE    ; OFF               ; Untyped                                     ;
; CLK0_USE_EVEN_COUNTER_MODE    ; OFF               ; Untyped                                     ;
; CLK9_USE_EVEN_COUNTER_VALUE   ; OFF               ; Untyped                                     ;
; CLK8_USE_EVEN_COUNTER_VALUE   ; OFF               ; Untyped                                     ;
; CLK7_USE_EVEN_COUNTER_VALUE   ; OFF               ; Untyped                                     ;
; CLK6_USE_EVEN_COUNTER_VALUE   ; OFF               ; Untyped                                     ;
; CLK5_USE_EVEN_COUNTER_VALUE   ; OFF               ; Untyped                                     ;
; CLK4_USE_EVEN_COUNTER_VALUE   ; OFF               ; Untyped                                     ;
; CLK3_USE_EVEN_COUNTER_VALUE   ; OFF               ; Untyped                                     ;
; CLK2_USE_EVEN_COUNTER_VALUE   ; OFF               ; Untyped                                     ;
; CLK1_USE_EVEN_COUNTER_VALUE   ; OFF               ; Untyped                                     ;
; CLK0_USE_EVEN_COUNTER_VALUE   ; OFF               ; Untyped                                     ;
; LOCK_WINDOW_UI                ;  0.05             ; Untyped                                     ;
; LOCK_WINDOW_UI_BITS           ; UNUSED            ; Untyped                                     ;
; VCO_RANGE_DETECTOR_LOW_BITS   ; UNUSED            ; Untyped                                     ;
; VCO_RANGE_DETECTOR_HIGH_BITS  ; UNUSED            ; Untyped                                     ;
; DPA_MULTIPLY_BY               ; 0                 ; Untyped                                     ;
; DPA_DIVIDE_BY                 ; 1                 ; Untyped                                     ;
; DPA_DIVIDER                   ; 0                 ; Untyped                                     ;
; EXTCLK3_MULTIPLY_BY           ; 1                 ; Untyped                                     ;
; EXTCLK2_MULTIPLY_BY           ; 1                 ; Untyped                                     ;
; EXTCLK1_MULTIPLY_BY           ; 1                 ; Untyped                                     ;
; EXTCLK0_MULTIPLY_BY           ; 1                 ; Untyped                                     ;
; EXTCLK3_DIVIDE_BY             ; 1                 ; Untyped                                     ;
; EXTCLK2_DIVIDE_BY             ; 1                 ; Untyped                                     ;
; EXTCLK1_DIVIDE_BY             ; 1                 ; Untyped                                     ;
; EXTCLK0_DIVIDE_BY             ; 1                 ; Untyped                                     ;
; EXTCLK3_PHASE_SHIFT           ; 0                 ; Untyped                                     ;
; EXTCLK2_PHASE_SHIFT           ; 0                 ; Untyped                                     ;
; EXTCLK1_PHASE_SHIFT           ; 0                 ; Untyped                                     ;
; EXTCLK0_PHASE_SHIFT           ; 0                 ; Untyped                                     ;
; EXTCLK3_TIME_DELAY            ; 0                 ; Untyped                                     ;
; EXTCLK2_TIME_DELAY            ; 0                 ; Untyped                                     ;
; EXTCLK1_TIME_DELAY            ; 0                 ; Untyped                                     ;
; EXTCLK0_TIME_DELAY            ; 0                 ; Untyped                                     ;
; EXTCLK3_DUTY_CYCLE            ; 50                ; Untyped                                     ;
; EXTCLK2_DUTY_CYCLE            ; 50                ; Untyped                                     ;
; EXTCLK1_DUTY_CYCLE            ; 50                ; Untyped                                     ;
; EXTCLK0_DUTY_CYCLE            ; 50                ; Untyped                                     ;
; VCO_MULTIPLY_BY               ; 0                 ; Untyped                                     ;
; VCO_DIVIDE_BY                 ; 0                 ; Untyped                                     ;
; SCLKOUT0_PHASE_SHIFT          ; 0                 ; Untyped                                     ;
; SCLKOUT1_PHASE_SHIFT          ; 0                 ; Untyped                                     ;
; VCO_MIN                       ; 0                 ; Untyped                                     ;
; VCO_MAX                       ; 0                 ; Untyped                                     ;
; VCO_CENTER                    ; 0                 ; Untyped                                     ;
; PFD_MIN                       ; 0                 ; Untyped                                     ;
; PFD_MAX                       ; 0                 ; Untyped                                     ;
; M_INITIAL                     ; 0                 ; Untyped                                     ;
; M                             ; 0                 ; Untyped                                     ;
; N                             ; 1                 ; Untyped                                     ;
; M2                            ; 1                 ; Untyped                                     ;
; N2                            ; 1                 ; Untyped                                     ;
; SS                            ; 1                 ; Untyped                                     ;
; C0_HIGH                       ; 0                 ; Untyped                                     ;
; C1_HIGH                       ; 0                 ; Untyped                                     ;
; C2_HIGH                       ; 0                 ; Untyped                                     ;
; C3_HIGH                       ; 0                 ; Untyped                                     ;
; C4_HIGH                       ; 0                 ; Untyped                                     ;
; C5_HIGH                       ; 0                 ; Untyped                                     ;
; C6_HIGH                       ; 0                 ; Untyped                                     ;
; C7_HIGH                       ; 0                 ; Untyped                                     ;
; C8_HIGH                       ; 0                 ; Untyped                                     ;
; C9_HIGH                       ; 0                 ; Untyped                                     ;
; C0_LOW                        ; 0                 ; Untyped                                     ;
; C1_LOW                        ; 0                 ; Untyped                                     ;
; C2_LOW                        ; 0                 ; Untyped                                     ;
; C3_LOW                        ; 0                 ; Untyped                                     ;
; C4_LOW                        ; 0                 ; Untyped                                     ;
; C5_LOW                        ; 0                 ; Untyped                                     ;
; C6_LOW                        ; 0                 ; Untyped                                     ;
; C7_LOW                        ; 0                 ; Untyped                                     ;
; C8_LOW                        ; 0                 ; Untyped                                     ;
; C9_LOW                        ; 0                 ; Untyped                                     ;
; C0_INITIAL                    ; 0                 ; Untyped                                     ;
; C1_INITIAL                    ; 0                 ; Untyped                                     ;
; C2_INITIAL                    ; 0                 ; Untyped                                     ;
; C3_INITIAL                    ; 0                 ; Untyped                                     ;
; C4_INITIAL                    ; 0                 ; Untyped                                     ;
; C5_INITIAL                    ; 0                 ; Untyped                                     ;
; C6_INITIAL                    ; 0                 ; Untyped                                     ;
; C7_INITIAL                    ; 0                 ; Untyped                                     ;
; C8_INITIAL                    ; 0                 ; Untyped                                     ;
; C9_INITIAL                    ; 0                 ; Untyped                                     ;
; C0_MODE                       ; BYPASS            ; Untyped                                     ;
; C1_MODE                       ; BYPASS            ; Untyped                                     ;
; C2_MODE                       ; BYPASS            ; Untyped                                     ;
; C3_MODE                       ; BYPASS            ; Untyped                                     ;
; C4_MODE                       ; BYPASS            ; Untyped                                     ;
; C5_MODE                       ; BYPASS            ; Untyped                                     ;
; C6_MODE                       ; BYPASS            ; Untyped                                     ;
; C7_MODE                       ; BYPASS            ; Untyped                                     ;
; C8_MODE                       ; BYPASS            ; Untyped                                     ;
; C9_MODE                       ; BYPASS            ; Untyped                                     ;
; C0_PH                         ; 0                 ; Untyped                                     ;
; C1_PH                         ; 0                 ; Untyped                                     ;
; C2_PH                         ; 0                 ; Untyped                                     ;
; C3_PH                         ; 0                 ; Untyped                                     ;
; C4_PH                         ; 0                 ; Untyped                                     ;
; C5_PH                         ; 0                 ; Untyped                                     ;
; C6_PH                         ; 0                 ; Untyped                                     ;
; C7_PH                         ; 0                 ; Untyped                                     ;
; C8_PH                         ; 0                 ; Untyped                                     ;
; C9_PH                         ; 0                 ; Untyped                                     ;
; L0_HIGH                       ; 1                 ; Untyped                                     ;
; L1_HIGH                       ; 1                 ; Untyped                                     ;
; G0_HIGH                       ; 1                 ; Untyped                                     ;
; G1_HIGH                       ; 1                 ; Untyped                                     ;
; G2_HIGH                       ; 1                 ; Untyped                                     ;
; G3_HIGH                       ; 1                 ; Untyped                                     ;
; E0_HIGH                       ; 1                 ; Untyped                                     ;
; E1_HIGH                       ; 1                 ; Untyped                                     ;
; E2_HIGH                       ; 1                 ; Untyped                                     ;
; E3_HIGH                       ; 1                 ; Untyped                                     ;
; L0_LOW                        ; 1                 ; Untyped                                     ;
; L1_LOW                        ; 1                 ; Untyped                                     ;
; G0_LOW                        ; 1                 ; Untyped                                     ;
; G1_LOW                        ; 1                 ; Untyped                                     ;
; G2_LOW                        ; 1                 ; Untyped                                     ;
; G3_LOW                        ; 1                 ; Untyped                                     ;
; E0_LOW                        ; 1                 ; Untyped                                     ;
; E1_LOW                        ; 1                 ; Untyped                                     ;
; E2_LOW                        ; 1                 ; Untyped                                     ;
; E3_LOW                        ; 1                 ; Untyped                                     ;
; L0_INITIAL                    ; 1                 ; Untyped                                     ;
; L1_INITIAL                    ; 1                 ; Untyped                                     ;
; G0_INITIAL                    ; 1                 ; Untyped                                     ;
; G1_INITIAL                    ; 1                 ; Untyped                                     ;
; G2_INITIAL                    ; 1                 ; Untyped                                     ;
; G3_INITIAL                    ; 1                 ; Untyped                                     ;
; E0_INITIAL                    ; 1                 ; Untyped                                     ;
; E1_INITIAL                    ; 1                 ; Untyped                                     ;
; E2_INITIAL                    ; 1                 ; Untyped                                     ;
; E3_INITIAL                    ; 1                 ; Untyped                                     ;
; L0_MODE                       ; BYPASS            ; Untyped                                     ;
; L1_MODE                       ; BYPASS            ; Untyped                                     ;
; G0_MODE                       ; BYPASS            ; Untyped                                     ;
; G1_MODE                       ; BYPASS            ; Untyped                                     ;
; G2_MODE                       ; BYPASS            ; Untyped                                     ;
; G3_MODE                       ; BYPASS            ; Untyped                                     ;
; E0_MODE                       ; BYPASS            ; Untyped                                     ;
; E1_MODE                       ; BYPASS            ; Untyped                                     ;
; E2_MODE                       ; BYPASS            ; Untyped                                     ;
; E3_MODE                       ; BYPASS            ; Untyped                                     ;
; L0_PH                         ; 0                 ; Untyped                                     ;
; L1_PH                         ; 0                 ; Untyped                                     ;
; G0_PH                         ; 0                 ; Untyped                                     ;
; G1_PH                         ; 0                 ; Untyped                                     ;
; G2_PH                         ; 0                 ; Untyped                                     ;
; G3_PH                         ; 0                 ; Untyped                                     ;
; E0_PH                         ; 0                 ; Untyped                                     ;
; E1_PH                         ; 0                 ; Untyped                                     ;
; E2_PH                         ; 0                 ; Untyped                                     ;
; E3_PH                         ; 0                 ; Untyped                                     ;
; M_PH                          ; 0                 ; Untyped                                     ;
; C1_USE_CASC_IN                ; OFF               ; Untyped                                     ;
; C2_USE_CASC_IN                ; OFF               ; Untyped                                     ;
; C3_USE_CASC_IN                ; OFF               ; Untyped                                     ;
; C4_USE_CASC_IN                ; OFF               ; Untyped                                     ;
; C5_USE_CASC_IN                ; OFF               ; Untyped                                     ;
; C6_USE_CASC_IN                ; OFF               ; Untyped                                     ;
; C7_USE_CASC_IN                ; OFF               ; Untyped                                     ;
; C8_USE_CASC_IN                ; OFF               ; Untyped                                     ;
; C9_USE_CASC_IN                ; OFF               ; Untyped                                     ;
; CLK0_COUNTER                  ; G0                ; Untyped                                     ;
; CLK1_COUNTER                  ; G0                ; Untyped                                     ;
; CLK2_COUNTER                  ; G0                ; Untyped                                     ;
; CLK3_COUNTER                  ; G0                ; Untyped                                     ;
; CLK4_COUNTER                  ; G0                ; Untyped                                     ;
; CLK5_COUNTER                  ; G0                ; Untyped                                     ;
; CLK6_COUNTER                  ; E0                ; Untyped                                     ;
; CLK7_COUNTER                  ; E1                ; Untyped                                     ;
; CLK8_COUNTER                  ; E2                ; Untyped                                     ;
; CLK9_COUNTER                  ; E3                ; Untyped                                     ;
; L0_TIME_DELAY                 ; 0                 ; Untyped                                     ;
; L1_TIME_DELAY                 ; 0                 ; Untyped                                     ;
; G0_TIME_DELAY                 ; 0                 ; Untyped                                     ;
; G1_TIME_DELAY                 ; 0                 ; Untyped                                     ;
; G2_TIME_DELAY                 ; 0                 ; Untyped                                     ;
; G3_TIME_DELAY                 ; 0                 ; Untyped                                     ;
; E0_TIME_DELAY                 ; 0                 ; Untyped                                     ;
; E1_TIME_DELAY                 ; 0                 ; Untyped                                     ;
; E2_TIME_DELAY                 ; 0                 ; Untyped                                     ;
; E3_TIME_DELAY                 ; 0                 ; Untyped                                     ;
; M_TIME_DELAY                  ; 0                 ; Untyped                                     ;
; N_TIME_DELAY                  ; 0                 ; Untyped                                     ;
; EXTCLK3_COUNTER               ; E3                ; Untyped                                     ;
; EXTCLK2_COUNTER               ; E2                ; Untyped                                     ;
; EXTCLK1_COUNTER               ; E1                ; Untyped                                     ;
; EXTCLK0_COUNTER               ; E0                ; Untyped                                     ;
; ENABLE0_COUNTER               ; L0                ; Untyped                                     ;
; ENABLE1_COUNTER               ; L0                ; Untyped                                     ;
; CHARGE_PUMP_CURRENT           ; 2                 ; Untyped                                     ;
; LOOP_FILTER_R                 ;  1.000000         ; Untyped                                     ;
; LOOP_FILTER_C                 ; 5                 ; Untyped                                     ;
; CHARGE_PUMP_CURRENT_BITS      ; 9999              ; Untyped                                     ;
; LOOP_FILTER_R_BITS            ; 9999              ; Untyped                                     ;
; LOOP_FILTER_C_BITS            ; 9999              ; Untyped                                     ;
; VCO_POST_SCALE                ; 0                 ; Untyped                                     ;
; CLK2_OUTPUT_FREQUENCY         ; 0                 ; Untyped                                     ;
; CLK1_OUTPUT_FREQUENCY         ; 0                 ; Untyped                                     ;
; CLK0_OUTPUT_FREQUENCY         ; 0                 ; Untyped                                     ;
; INTENDED_DEVICE_FAMILY        ; Cyclone II        ; Untyped                                     ;
; PORT_CLKENA0                  ; PORT_UNUSED       ; Untyped                                     ;
; PORT_CLKENA1                  ; PORT_UNUSED       ; Untyped                                     ;
; PORT_CLKENA2                  ; PORT_UNUSED       ; Untyped                                     ;
; PORT_CLKENA3                  ; PORT_UNUSED       ; Untyped                                     ;
; PORT_CLKENA4                  ; PORT_UNUSED       ; Untyped                                     ;
; PORT_CLKENA5                  ; PORT_UNUSED       ; Untyped                                     ;
; PORT_EXTCLKENA0               ; PORT_CONNECTIVITY ; Untyped                                     ;
; PORT_EXTCLKENA1               ; PORT_CONNECTIVITY ; Untyped                                     ;
; PORT_EXTCLKENA2               ; PORT_CONNECTIVITY ; Untyped                                     ;
; PORT_EXTCLKENA3               ; PORT_CONNECTIVITY ; Untyped                                     ;
; PORT_EXTCLK0                  ; PORT_UNUSED       ; Untyped                                     ;
; PORT_EXTCLK1                  ; PORT_UNUSED       ; Untyped                                     ;
; PORT_EXTCLK2                  ; PORT_UNUSED       ; Untyped                                     ;
; PORT_EXTCLK3                  ; PORT_UNUSED       ; Untyped                                     ;
; PORT_CLKBAD0                  ; PORT_UNUSED       ; Untyped                                     ;
; PORT_CLKBAD1                  ; PORT_UNUSED       ; Untyped                                     ;
; PORT_CLK0                     ; PORT_USED         ; Untyped                                     ;
; PORT_CLK1                     ; PORT_UNUSED       ; Untyped                                     ;
; PORT_CLK2                     ; PORT_UNUSED       ; Untyped                                     ;
; PORT_CLK3                     ; PORT_UNUSED       ; Untyped                                     ;
; PORT_CLK4                     ; PORT_UNUSED       ; Untyped                                     ;
; PORT_CLK5                     ; PORT_UNUSED       ; Untyped                                     ;
; PORT_CLK6                     ; PORT_UNUSED       ; Untyped                                     ;
; PORT_CLK7                     ; PORT_UNUSED       ; Untyped                                     ;
; PORT_CLK8                     ; PORT_UNUSED       ; Untyped                                     ;
; PORT_CLK9                     ; PORT_UNUSED       ; Untyped                                     ;
; PORT_SCANDATA                 ; PORT_UNUSED       ; Untyped                                     ;
; PORT_SCANDATAOUT              ; PORT_UNUSED       ; Untyped                                     ;
; PORT_SCANDONE                 ; PORT_UNUSED       ; Untyped                                     ;
; PORT_SCLKOUT1                 ; PORT_CONNECTIVITY ; Untyped                                     ;
; PORT_SCLKOUT0                 ; PORT_CONNECTIVITY ; Untyped                                     ;
; PORT_ACTIVECLOCK              ; PORT_UNUSED       ; Untyped                                     ;
; PORT_CLKLOSS                  ; PORT_UNUSED       ; Untyped                                     ;
; PORT_INCLK1                   ; PORT_UNUSED       ; Untyped                                     ;
; PORT_INCLK0                   ; PORT_USED         ; Untyped                                     ;
; PORT_FBIN                     ; PORT_UNUSED       ; Untyped                                     ;
; PORT_PLLENA                   ; PORT_UNUSED       ; Untyped                                     ;
; PORT_CLKSWITCH                ; PORT_UNUSED       ; Untyped                                     ;
; PORT_ARESET                   ; PORT_USED         ; Untyped                                     ;
; PORT_PFDENA                   ; PORT_UNUSED       ; Untyped                                     ;
; PORT_SCANCLK                  ; PORT_UNUSED       ; Untyped                                     ;
; PORT_SCANACLR                 ; PORT_UNUSED       ; Untyped                                     ;
; PORT_SCANREAD                 ; PORT_UNUSED       ; Untyped                                     ;
; PORT_SCANWRITE                ; PORT_UNUSED       ; Untyped                                     ;
; PORT_ENABLE0                  ; PORT_CONNECTIVITY ; Untyped                                     ;
; PORT_ENABLE1                  ; PORT_CONNECTIVITY ; Untyped                                     ;
; PORT_LOCKED                   ; PORT_UNUSED       ; Untyped                                     ;
; PORT_CONFIGUPDATE             ; PORT_UNUSED       ; Untyped                                     ;
; PORT_FBOUT                    ; PORT_CONNECTIVITY ; Untyped                                     ;
; PORT_PHASEDONE                ; PORT_UNUSED       ; Untyped                                     ;
; PORT_PHASESTEP                ; PORT_UNUSED       ; Untyped                                     ;
; PORT_PHASEUPDOWN              ; PORT_UNUSED       ; Untyped                                     ;
; PORT_SCANCLKENA               ; PORT_UNUSED       ; Untyped                                     ;
; PORT_PHASECOUNTERSELECT       ; PORT_UNUSED       ; Untyped                                     ;
; PORT_VCOOVERRANGE             ; PORT_CONNECTIVITY ; Untyped                                     ;
; PORT_VCOUNDERRANGE            ; PORT_CONNECTIVITY ; Untyped                                     ;
; M_TEST_SOURCE                 ; 5                 ; Untyped                                     ;
; C0_TEST_SOURCE                ; 5                 ; Untyped                                     ;
; C1_TEST_SOURCE                ; 5                 ; Untyped                                     ;
; C2_TEST_SOURCE                ; 5                 ; Untyped                                     ;
; C3_TEST_SOURCE                ; 5                 ; Untyped                                     ;
; C4_TEST_SOURCE                ; 5                 ; Untyped                                     ;
; C5_TEST_SOURCE                ; 5                 ; Untyped                                     ;
; C6_TEST_SOURCE                ; 5                 ; Untyped                                     ;
; C7_TEST_SOURCE                ; 5                 ; Untyped                                     ;
; C8_TEST_SOURCE                ; 5                 ; Untyped                                     ;
; C9_TEST_SOURCE                ; 5                 ; Untyped                                     ;
; CBXI_PARAMETER                ; NOTHING           ; Untyped                                     ;
; VCO_FREQUENCY_CONTROL         ; AUTO              ; Untyped                                     ;
; VCO_PHASE_SHIFT_STEP          ; 0                 ; Untyped                                     ;
; WIDTH_CLOCK                   ; 6                 ; Untyped                                     ;
; WIDTH_PHASECOUNTERSELECT      ; 4                 ; Untyped                                     ;
; USING_FBMIMICBIDIR_PORT       ; OFF               ; Untyped                                     ;
; DEVICE_FAMILY                 ; Cyclone II        ; Untyped                                     ;
; SCAN_CHAIN_MIF_FILE           ; UNUSED            ; Untyped                                     ;
; SIM_GATE_LOCK_DEVICE_BEHAVIOR ; OFF               ; Untyped                                     ;
; AUTO_CARRY_CHAINS             ; ON                ; AUTO_CARRY                                  ;
; IGNORE_CARRY_BUFFERS          ; OFF               ; IGNORE_CARRY                                ;
; AUTO_CASCADE_CHAINS           ; ON                ; AUTO_CASCADE                                ;
; IGNORE_CASCADE_BUFFERS        ; OFF               ; IGNORE_CASCADE                              ;
+-------------------------------+-------------------+---------------------------------------------+
Note: In order to hide this table in the UI and the text report file, please set the "Show Parameter Settings in Synthesis Report" option in "Analysis and Synthesis Settings -> More Settings" to "Off".


+---------------------------------------------------------------------------------------------------------------+
; Parameter Settings for User Entity Instance: dual_port_RAM:dual_port_RAM_inst|altsyncram:altsyncram_component ;
+------------------------------------+----------------------+---------------------------------------------------+
; Parameter Name                     ; Value                ; Type                                              ;
+------------------------------------+----------------------+---------------------------------------------------+
; BYTE_SIZE_BLOCK                    ; 8                    ; Untyped                                           ;
; AUTO_CARRY_CHAINS                  ; ON                   ; AUTO_CARRY                                        ;
; IGNORE_CARRY_BUFFERS               ; OFF                  ; IGNORE_CARRY                                      ;
; AUTO_CASCADE_CHAINS                ; ON                   ; AUTO_CASCADE                                      ;
; IGNORE_CASCADE_BUFFERS             ; OFF                  ; IGNORE_CASCADE                                    ;
; WIDTH_BYTEENA                      ; 1                    ; Untyped                                           ;
; OPERATION_MODE                     ; BIDIR_DUAL_PORT      ; Untyped                                           ;
; WIDTH_A                            ; 8                    ; Signed Integer                                    ;
; WIDTHAD_A                          ; 9                    ; Signed Integer                                    ;
; NUMWORDS_A                         ; 512                  ; Signed Integer                                    ;
; OUTDATA_REG_A                      ; UNREGISTERED         ; Untyped                                           ;
; ADDRESS_ACLR_A                     ; NONE                 ; Untyped                                           ;
; OUTDATA_ACLR_A                     ; NONE                 ; Untyped                                           ;
; WRCONTROL_ACLR_A                   ; NONE                 ; Untyped                                           ;
; INDATA_ACLR_A                      ; NONE                 ; Untyped                                           ;
; BYTEENA_ACLR_A                     ; NONE                 ; Untyped                                           ;
; WIDTH_B                            ; 8                    ; Signed Integer                                    ;
; WIDTHAD_B                          ; 9                    ; Signed Integer                                    ;
; NUMWORDS_B                         ; 512                  ; Signed Integer                                    ;
; INDATA_REG_B                       ; CLOCK0               ; Untyped                                           ;
; WRCONTROL_WRADDRESS_REG_B          ; CLOCK0               ; Untyped                                           ;
; RDCONTROL_REG_B                    ; CLOCK1               ; Untyped                                           ;
; ADDRESS_REG_B                      ; CLOCK0               ; Untyped                                           ;
; OUTDATA_REG_B                      ; UNREGISTERED         ; Untyped                                           ;
; BYTEENA_REG_B                      ; CLOCK1               ; Untyped                                           ;
; INDATA_ACLR_B                      ; NONE                 ; Untyped                                           ;
; WRCONTROL_ACLR_B                   ; NONE                 ; Untyped                                           ;
; ADDRESS_ACLR_B                     ; NONE                 ; Untyped                                           ;
; OUTDATA_ACLR_B                     ; NONE                 ; Untyped                                           ;
; RDCONTROL_ACLR_B                   ; NONE                 ; Untyped                                           ;
; BYTEENA_ACLR_B                     ; NONE                 ; Untyped                                           ;
; WIDTH_BYTEENA_A                    ; 1                    ; Signed Integer                                    ;
; WIDTH_BYTEENA_B                    ; 1                    ; Signed Integer                                    ;
; RAM_BLOCK_TYPE                     ; AUTO                 ; Untyped                                           ;
; BYTE_SIZE                          ; 8                    ; Untyped                                           ;
; READ_DURING_WRITE_MODE_MIXED_PORTS ; DONT_CARE            ; Untyped                                           ;
; READ_DURING_WRITE_MODE_PORT_A      ; NEW_DATA_NO_NBE_READ ; Untyped                                           ;
; READ_DURING_WRITE_MODE_PORT_B      ; NEW_DATA_NO_NBE_READ ; Untyped                                           ;
; INIT_FILE                          ; UNUSED               ; Untyped                                           ;
; INIT_FILE_LAYOUT                   ; PORT_A               ; Untyped                                           ;
; MAXIMUM_DEPTH                      ; 0                    ; Untyped                                           ;
; CLOCK_ENABLE_INPUT_A               ; BYPASS               ; Untyped                                           ;
; CLOCK_ENABLE_INPUT_B               ; BYPASS               ; Untyped                                           ;
; CLOCK_ENABLE_OUTPUT_A              ; BYPASS               ; Untyped                                           ;
; CLOCK_ENABLE_OUTPUT_B              ; BYPASS               ; Untyped                                           ;
; CLOCK_ENABLE_CORE_A                ; USE_INPUT_CLKEN      ; Untyped                                           ;
; CLOCK_ENABLE_CORE_B                ; USE_INPUT_CLKEN      ; Untyped                                           ;
; ENABLE_ECC                         ; FALSE                ; Untyped                                           ;
; ECC_PIPELINE_STAGE_ENABLED         ; FALSE                ; Untyped                                           ;
; WIDTH_ECCSTATUS                    ; 3                    ; Untyped                                           ;
; DEVICE_FAMILY                      ; Cyclone II           ; Untyped                                           ;
; CBXI_PARAMETER                     ; altsyncram_1t62      ; Untyped                                           ;
+------------------------------------+----------------------+---------------------------------------------------+
Note: In order to hide this table in the UI and the text report file, please set the "Show Parameter Settings in Synthesis Report" option in "Analysis and Synthesis Settings -> More Settings" to "Off".


+------------------------------------------------------------------------------------+
; altpll Parameter Settings by Entity Instance                                       ;
+-------------------------------+----------------------------------------------------+
; Name                          ; Value                                              ;
+-------------------------------+----------------------------------------------------+
; Number of entity instances    ; 1                                                  ;
; Entity Instance               ; UART_clock:UART_clock_inst|altpll:altpll_component ;
;     -- OPERATION_MODE         ; NORMAL                                             ;
;     -- PLL_TYPE               ; AUTO                                               ;
;     -- PRIMARY_CLOCK          ; INCLK0                                             ;
;     -- INCLK0_INPUT_FREQUENCY ; 37037                                              ;
;     -- INCLK1_INPUT_FREQUENCY ; 0                                                  ;
;     -- VCO_MULTIPLY_BY        ; 0                                                  ;
;     -- VCO_DIVIDE_BY          ; 0                                                  ;
+-------------------------------+----------------------------------------------------+


+--------------------------------------------------------------------------------------------------------------+
; altsyncram Parameter Settings by Entity Instance                                                             ;
+-------------------------------------------+------------------------------------------------------------------+
; Name                                      ; Value                                                            ;
+-------------------------------------------+------------------------------------------------------------------+
; Number of entity instances                ; 1                                                                ;
; Entity Instance                           ; dual_port_RAM:dual_port_RAM_inst|altsyncram:altsyncram_component ;
;     -- OPERATION_MODE                     ; BIDIR_DUAL_PORT                                                  ;
;     -- WIDTH_A                            ; 8                                                                ;
;     -- NUMWORDS_A                         ; 512                                                              ;
;     -- OUTDATA_REG_A                      ; UNREGISTERED                                                     ;
;     -- WIDTH_B                            ; 8                                                                ;
;     -- NUMWORDS_B                         ; 512                                                              ;
;     -- ADDRESS_REG_B                      ; CLOCK0                                                           ;
;     -- OUTDATA_REG_B                      ; UNREGISTERED                                                     ;
;     -- RAM_BLOCK_TYPE                     ; AUTO                                                             ;
;     -- READ_DURING_WRITE_MODE_MIXED_PORTS ; DONT_CARE                                                        ;
+-------------------------------------------+------------------------------------------------------------------+


+----------------------------------------------------------------+
; Port Connectivity Checks: "convert_hex_to_seven_segment:unit2" ;
+-----------------+-------+----------+---------------------------+
; Port            ; Type  ; Severity ; Details                   ;
+-----------------+-------+----------+---------------------------+
; hex_value[3..1] ; Input ; Info     ; Stuck at GND              ;
+-----------------+-------+----------+---------------------------+


+----------------------------------------------------------------+
; Port Connectivity Checks: "convert_hex_to_seven_segment:unit5" ;
+-----------------+-------+----------+---------------------------+
; Port            ; Type  ; Severity ; Details                   ;
+-----------------+-------+----------+---------------------------+
; hex_value[3..1] ; Input ; Info     ; Stuck at GND              ;
+-----------------+-------+----------+---------------------------+


+--------------------------------------------------------------+
; Port Connectivity Checks: "dual_port_RAM:dual_port_RAM_inst" ;
+--------+--------+----------+---------------------------------+
; Port   ; Type   ; Severity ; Details                         ;
+--------+--------+----------+---------------------------------+
; data_b ; Input  ; Info     ; Stuck at GND                    ;
; wren_b ; Input  ; Info     ; Stuck at GND                    ;
; q_a    ; Output ; Info     ; Explicitly unconnected          ;
+--------+--------+----------+---------------------------------+


+-------------------------------+
; Elapsed Time Per Partition    ;
+----------------+--------------+
; Partition Name ; Elapsed Time ;
+----------------+--------------+
; Top            ; 00:00:00     ;
+----------------+--------------+


+-------------------------------+
; Analysis & Synthesis Messages ;
+-------------------------------+
Info: *******************************************************************
Info: Running Quartus II 32-bit Analysis & Synthesis
    Info: Version 12.0 Build 263 08/02/2012 Service Pack 2 SJ Full Version
    Info: Processing started: Tue Oct 15 20:28:48 2013
Info: Command: quartus_map --read_settings_files=on --write_settings_files=off experiment3 -c experiment3
Info (20030): Parallel compilation is enabled and will use 4 of the 4 processors detected
Info (12021): Found 1 design units, including 1 entities, in source file convert_hex_to_seven_segment.v
    Info (12023): Found entity 1: convert_hex_to_seven_segment
Info (12021): Found 1 design units, including 1 entities, in source file experiment3.v
    Info (12023): Found entity 1: experiment3
Info (12021): Found 1 design units, including 1 entities, in source file dual_port_RAM.v
    Info (12023): Found entity 1: dual_port_RAM
Info (12021): Found 1 design units, including 1 entities, in source file UART_Receive_Controller.v
    Info (12023): Found entity 1: UART_Receive_Controller
Warning (10229): Verilog HDL Expression warning at UART_Transmit_Controller.v(65): truncated literal to match 3 bits
Info (12021): Found 1 design units, including 1 entities, in source file UART_Transmit_Controller.v
    Info (12023): Found entity 1: UART_Transmit_Controller
Info (12021): Found 1 design units, including 1 entities, in source file UART_clock.v
    Info (12023): Found entity 1: UART_clock
Info (12127): Elaborating entity "experiment3" for the top level hierarchy
Info (12128): Elaborating entity "UART_clock" for hierarchy "UART_clock:UART_clock_inst"
Info (12128): Elaborating entity "altpll" for hierarchy "UART_clock:UART_clock_inst|altpll:altpll_component"
Info (12130): Elaborated megafunction instantiation "UART_clock:UART_clock_inst|altpll:altpll_component"
Info (12133): Instantiated megafunction "UART_clock:UART_clock_inst|altpll:altpll_component" with the following parameter:
    Info (12134): Parameter "clk0_divide_by" = "15"
    Info (12134): Parameter "clk0_duty_cycle" = "50"
    Info (12134): Parameter "clk0_multiply_by" = "32"
    Info (12134): Parameter "clk0_phase_shift" = "0"
    Info (12134): Parameter "compensate_clock" = "CLK0"
    Info (12134): Parameter "inclk0_input_frequency" = "37037"
    Info (12134): Parameter "intended_device_family" = "Cyclone II"
    Info (12134): Parameter "lpm_type" = "altpll"
    Info (12134): Parameter "operation_mode" = "NORMAL"
    Info (12134): Parameter "port_activeclock" = "PORT_UNUSED"
    Info (12134): Parameter "port_areset" = "PORT_USED"
    Info (12134): Parameter "port_clkbad0" = "PORT_UNUSED"
    Info (12134): Parameter "port_clkbad1" = "PORT_UNUSED"
    Info (12134): Parameter "port_clkloss" = "PORT_UNUSED"
    Info (12134): Parameter "port_clkswitch" = "PORT_UNUSED"
    Info (12134): Parameter "port_configupdate" = "PORT_UNUSED"
    Info (12134): Parameter "port_fbin" = "PORT_UNUSED"
    Info (12134): Parameter "port_inclk0" = "PORT_USED"
    Info (12134): Parameter "port_inclk1" = "PORT_UNUSED"
    Info (12134): Parameter "port_locked" = "PORT_UNUSED"
    Info (12134): Parameter "port_pfdena" = "PORT_UNUSED"
    Info (12134): Parameter "port_phasecounterselect" = "PORT_UNUSED"
    Info (12134): Parameter "port_phasedone" = "PORT_UNUSED"
    Info (12134): Parameter "port_phasestep" = "PORT_UNUSED"
    Info (12134): Parameter "port_phaseupdown" = "PORT_UNUSED"
    Info (12134): Parameter "port_pllena" = "PORT_UNUSED"
    Info (12134): Parameter "port_scanaclr" = "PORT_UNUSED"
    Info (12134): Parameter "port_scanclk" = "PORT_UNUSED"
    Info (12134): Parameter "port_scanclkena" = "PORT_UNUSED"
    Info (12134): Parameter "port_scandata" = "PORT_UNUSED"
    Info (12134): Parameter "port_scandataout" = "PORT_UNUSED"
    Info (12134): Parameter "port_scandone" = "PORT_UNUSED"
    Info (12134): Parameter "port_scanread" = "PORT_UNUSED"
    Info (12134): Parameter "port_scanwrite" = "PORT_UNUSED"
    Info (12134): Parameter "port_clk0" = "PORT_USED"
    Info (12134): Parameter "port_clk1" = "PORT_UNUSED"
    Info (12134): Parameter "port_clk2" = "PORT_UNUSED"
    Info (12134): Parameter "port_clk3" = "PORT_UNUSED"
    Info (12134): Parameter "port_clk4" = "PORT_UNUSED"
    Info (12134): Parameter "port_clk5" = "PORT_UNUSED"
    Info (12134): Parameter "port_clkena0" = "PORT_UNUSED"
    Info (12134): Parameter "port_clkena1" = "PORT_UNUSED"
    Info (12134): Parameter "port_clkena2" = "PORT_UNUSED"
    Info (12134): Parameter "port_clkena3" = "PORT_UNUSED"
    Info (12134): Parameter "port_clkena4" = "PORT_UNUSED"
    Info (12134): Parameter "port_clkena5" = "PORT_UNUSED"
    Info (12134): Parameter "port_extclk0" = "PORT_UNUSED"
    Info (12134): Parameter "port_extclk1" = "PORT_UNUSED"
    Info (12134): Parameter "port_extclk2" = "PORT_UNUSED"
    Info (12134): Parameter "port_extclk3" = "PORT_UNUSED"
Info (12128): Elaborating entity "dual_port_RAM" for hierarchy "dual_port_RAM:dual_port_RAM_inst"
Info (12128): Elaborating entity "altsyncram" for hierarchy "dual_port_RAM:dual_port_RAM_inst|altsyncram:altsyncram_component"
Info (12130): Elaborated megafunction instantiation "dual_port_RAM:dual_port_RAM_inst|altsyncram:altsyncram_component"
Info (12133): Instantiated megafunction "dual_port_RAM:dual_port_RAM_inst|altsyncram:altsyncram_component" with the following parameter:
    Info (12134): Parameter "address_reg_b" = "CLOCK0"
    Info (12134): Parameter "clock_enable_input_a" = "BYPASS"
    Info (12134): Parameter "clock_enable_input_b" = "BYPASS"
    Info (12134): Parameter "clock_enable_output_a" = "BYPASS"
    Info (12134): Parameter "clock_enable_output_b" = "BYPASS"
    Info (12134): Parameter "indata_reg_b" = "CLOCK0"
    Info (12134): Parameter "intended_device_family" = "Cyclone II"
    Info (12134): Parameter "lpm_type" = "altsyncram"
    Info (12134): Parameter "numwords_a" = "512"
    Info (12134): Parameter "numwords_b" = "512"
    Info (12134): Parameter "operation_mode" = "BIDIR_DUAL_PORT"
    Info (12134): Parameter "outdata_aclr_a" = "NONE"
    Info (12134): Parameter "outdata_aclr_b" = "NONE"
    Info (12134): Parameter "outdata_reg_a" = "UNREGISTERED"
    Info (12134): Parameter "outdata_reg_b" = "UNREGISTERED"
    Info (12134): Parameter "power_up_uninitialized" = "FALSE"
    Info (12134): Parameter "read_during_write_mode_mixed_ports" = "DONT_CARE"
    Info (12134): Parameter "widthad_a" = "9"
    Info (12134): Parameter "widthad_b" = "9"
    Info (12134): Parameter "width_a" = "8"
    Info (12134): Parameter "width_b" = "8"
    Info (12134): Parameter "width_byteena_a" = "1"
    Info (12134): Parameter "width_byteena_b" = "1"
    Info (12134): Parameter "wrcontrol_wraddress_reg_b" = "CLOCK0"
Info (12021): Found 1 design units, including 1 entities, in source file db/altsyncram_1t62.tdf
    Info (12023): Found entity 1: altsyncram_1t62
Info (12128): Elaborating entity "altsyncram_1t62" for hierarchy "dual_port_RAM:dual_port_RAM_inst|altsyncram:altsyncram_component|altsyncram_1t62:auto_generated"
Info (12128): Elaborating entity "UART_Receive_Controller" for hierarchy "UART_Receive_Controller:UART_RX"
Info (12128): Elaborating entity "UART_Transmit_Controller" for hierarchy "UART_Transmit_Controller:UART_TX"
Info (12128): Elaborating entity "convert_hex_to_seven_segment" for hierarchy "convert_hex_to_seven_segment:unit5"
Warning (14284): Synthesized away the following node(s):
    Warning (14285): Synthesized away the following RAM node(s):
        Warning (14320): Synthesized away node "dual_port_RAM:dual_port_RAM_inst|altsyncram:altsyncram_component|altsyncram_1t62:auto_generated|q_a[1]"
        Warning (14320): Synthesized away node "dual_port_RAM:dual_port_RAM_inst|altsyncram:altsyncram_component|altsyncram_1t62:auto_generated|q_a[2]"
        Warning (14320): Synthesized away node "dual_port_RAM:dual_port_RAM_inst|altsyncram:altsyncram_component|altsyncram_1t62:auto_generated|q_a[3]"
        Warning (14320): Synthesized away node "dual_port_RAM:dual_port_RAM_inst|altsyncram:altsyncram_component|altsyncram_1t62:auto_generated|q_a[4]"
        Warning (14320): Synthesized away node "dual_port_RAM:dual_port_RAM_inst|altsyncram:altsyncram_component|altsyncram_1t62:auto_generated|q_a[5]"
        Warning (14320): Synthesized away node "dual_port_RAM:dual_port_RAM_inst|altsyncram:altsyncram_component|altsyncram_1t62:auto_generated|q_a[6]"
        Warning (14320): Synthesized away node "dual_port_RAM:dual_port_RAM_inst|altsyncram:altsyncram_component|altsyncram_1t62:auto_generated|q_a[7]"
Warning (14284): Synthesized away the following node(s):
    Warning (14285): Synthesized away the following RAM node(s):
        Warning (14320): Synthesized away node "dual_port_RAM:dual_port_RAM_inst|altsyncram:altsyncram_component|altsyncram_1t62:auto_generated|q_a[0]"
Info (13000): Registers with preset signals will power-up high
Info (13003): DEV_CLRn pin will set, and not reset, register with preset signal due to NOT Gate Push-Back
Warning (13024): Output pins are stuck at VCC or GND
    Warning (13410): Pin "SEVEN_SEGMENT_N_O[2][1]" is stuck at GND
    Warning (13410): Pin "SEVEN_SEGMENT_N_O[2][2]" is stuck at GND
    Warning (13410): Pin "SEVEN_SEGMENT_N_O[2][6]" is stuck at VCC
    Warning (13410): Pin "SEVEN_SEGMENT_N_O[3][0]" is stuck at VCC
    Warning (13410): Pin "SEVEN_SEGMENT_N_O[3][1]" is stuck at VCC
    Warning (13410): Pin "SEVEN_SEGMENT_N_O[3][2]" is stuck at VCC
    Warning (13410): Pin "SEVEN_SEGMENT_N_O[3][3]" is stuck at VCC
    Warning (13410): Pin "SEVEN_SEGMENT_N_O[3][4]" is stuck at VCC
    Warning (13410): Pin "SEVEN_SEGMENT_N_O[3][5]" is stuck at VCC
    Warning (13410): Pin "SEVEN_SEGMENT_N_O[3][6]" is stuck at VCC
    Warning (13410): Pin "SEVEN_SEGMENT_N_O[6][1]" is stuck at GND
    Warning (13410): Pin "SEVEN_SEGMENT_N_O[6][2]" is stuck at GND
    Warning (13410): Pin "SEVEN_SEGMENT_N_O[6][6]" is stuck at VCC
    Warning (13410): Pin "SEVEN_SEGMENT_N_O[7][0]" is stuck at VCC
    Warning (13410): Pin "SEVEN_SEGMENT_N_O[7][1]" is stuck at VCC
    Warning (13410): Pin "SEVEN_SEGMENT_N_O[7][2]" is stuck at VCC
    Warning (13410): Pin "SEVEN_SEGMENT_N_O[7][3]" is stuck at VCC
    Warning (13410): Pin "SEVEN_SEGMENT_N_O[7][4]" is stuck at VCC
    Warning (13410): Pin "SEVEN_SEGMENT_N_O[7][5]" is stuck at VCC
    Warning (13410): Pin "SEVEN_SEGMENT_N_O[7][6]" is stuck at VCC
    Warning (13410): Pin "LED_GREEN_O[8]" is stuck at GND
    Warning (13410): Pin "TD_RESET" is stuck at VCC
Info (17049): 12 registers lost all their fanouts during netlist optimizations.
Info (16010): Generating hard_block partition "hard_block:auto_generated_inst"
    Info (16011): Adding 1 node(s), including 0 DDIO, 1 PLL, 0 transceiver and 0 LCELL
Warning (21074): Design contains 19 input pin(s) that do not drive logic
    Warning (15610): No output dependent on input pin "PUSH_BUTTON_I[0]"
    Warning (15610): No output dependent on input pin "PUSH_BUTTON_I[1]"
    Warning (15610): No output dependent on input pin "PUSH_BUTTON_I[2]"
    Warning (15610): No output dependent on input pin "PUSH_BUTTON_I[3]"
    Warning (15610): No output dependent on input pin "SWITCH_I[2]"
    Warning (15610): No output dependent on input pin "SWITCH_I[3]"
    Warning (15610): No output dependent on input pin "SWITCH_I[4]"
    Warning (15610): No output dependent on input pin "SWITCH_I[5]"
    Warning (15610): No output dependent on input pin "SWITCH_I[6]"
    Warning (15610): No output dependent on input pin "SWITCH_I[7]"
    Warning (15610): No output dependent on input pin "SWITCH_I[8]"
    Warning (15610): No output dependent on input pin "SWITCH_I[9]"
    Warning (15610): No output dependent on input pin "SWITCH_I[10]"
    Warning (15610): No output dependent on input pin "SWITCH_I[11]"
    Warning (15610): No output dependent on input pin "SWITCH_I[12]"
    Warning (15610): No output dependent on input pin "SWITCH_I[13]"
    Warning (15610): No output dependent on input pin "SWITCH_I[14]"
    Warning (15610): No output dependent on input pin "SWITCH_I[15]"
    Warning (15610): No output dependent on input pin "SWITCH_I[16]"
Info (21057): Implemented 237 device resources after synthesis - the final resource count might be different
    Info (21058): Implemented 25 input pins
    Info (21059): Implemented 67 output pins
    Info (21061): Implemented 144 logic cells
    Info (21065): Implemented 1 PLLs
Info: Quartus II 32-bit Analysis & Synthesis was successful. 0 errors, 56 warnings
    Info: Peak virtual memory: 355 megabytes
    Info: Processing ended: Tue Oct 15 20:28:51 2013
    Info: Elapsed time: 00:00:03
    Info: Total CPU time (on all processors): 00:00:03


